#
# There is insufficient memory for the Java Runtime Environment to continue.
# Native memory allocation (mmap) failed to map 264241152 bytes. Error detail: G1 virtual space
# Possible reasons:
#   The system is out of physical RAM or swap space
#   This process is running with CompressedOops enabled, and the Java Heap may be blocking the growth of the native heap
# Possible solutions:
#   Reduce memory load on the system
#   Increase physical memory or swap space
#   Check if swap backing store is full
#   Decrease Java heap size (-Xmx/-Xms)
#   Decrease number of Java threads
#   Decrease Java thread stack sizes (-Xss)
#   Set larger code cache with -XX:ReservedCodeCacheSize=
#   JVM is running with Zero Based Compressed Oops mode in which the Java heap is
#     placed in the first 32GB address space. The Java Heap base address is the
#     maximum limit for the native heap growth. Please use -XX:HeapBaseMinAddress
#     to set the Java Heap base and to place the Java Heap above 32GB virtual address.
# This output file may be truncated or incomplete.
#
#  Out of Memory Error (os_windows.cpp:3564), pid=9488, tid=22116
#
# JRE version:  (24.0.2+12) (build )
# Java VM: Java HotSpot(TM) 64-Bit Server VM (24.0.2+12-54, mixed mode, sharing, tiered, compressed oops, compressed class ptrs, g1 gc, windows-amd64)
# No core dump will be written. Minidumps are not enabled by default on client versions of Windows
#

---------------  S U M M A R Y ------------

Command Line: -javaagent:C:\Program Files\JetBrains\IntelliJ IDEA 2025.2.2\lib\idea_rt.jar=61889 -Dfile.encoding=UTF-8 -Dsun.stdout.encoding=UTF-8 -Dsun.stderr.encoding=UTF-8 introduction.generics.CustomArrayList

Host: 12th Gen Intel(R) Core(TM) i5-12600K, 16 cores, 15G,  Windows 11 , 64 bit Build 26100 (10.0.26100.6725)
Time: Wed Nov 19 18:40:33 2025 India Standard Time elapsed time: 1.063568 seconds (0d 0h 0m 1s)

---------------  T H R E A D  ---------------

Current thread (0x000002665bcf6160):  JavaThread "Unknown thread" [_thread_in_vm, id=22116, stack(0x000000ef71500000,0x000000ef71600000) (1024K)]

Stack: [0x000000ef71500000,0x000000ef71600000]
Native frames: (J=compiled Java code, j=interpreted, Vv=VM code, C=native code)
V  [jvm.dll+0x730829]  (no source info available)
V  [jvm.dll+0x8d9da3]  (no source info available)
V  [jvm.dll+0x8dc28d]  (no source info available)
V  [jvm.dll+0x8dc903]  (no source info available)
V  [jvm.dll+0x2a9f56]  (no source info available)
V  [jvm.dll+0x72cd55]  (no source info available)
V  [jvm.dll+0x72066a]  (no source info available)
V  [jvm.dll+0x390b7a]  (no source info available)
V  [jvm.dll+0x398906]  (no source info available)
V  [jvm.dll+0x3850de]  (no source info available)
V  [jvm.dll+0x385398]  (no source info available)
V  [jvm.dll+0x35d10c]  (no source info available)
V  [jvm.dll+0x35ddcd]  (no source info available)
V  [jvm.dll+0x89d50f]  (no source info available)
V  [jvm.dll+0x3f979d]  (no source info available)
V  [jvm.dll+0x885b66]  (no source info available)
V  [jvm.dll+0x495e7e]  (no source info available)
V  [jvm.dll+0x497c51]  (no source info available)
C  [jli.dll+0x52a1]  (no source info available)
C  [ucrtbase.dll+0x37b0]  (no source info available)
C  [KERNEL32.DLL+0x2e8d7]  (no source info available)
C  [ntdll.dll+0x8c53c]  (no source info available)

Lock stack of current Java thread (top to bottom):


---------------  P R O C E S S  ---------------

Threads class SMR info:
_java_thread_list=0x00007ff81ac8f318, length=0, elements={
}

Java Threads: ( => current thread )
Total: 0

Other Threads:
  0x000002665d8c2db0 WorkerThread "GC Thread#0"                     [id=20436, stack(0x000000ef71600000,0x000000ef71700000) (1024K)]
  0x000002665d8d8750 ConcurrentGCThread "G1 Main Marker"            [id=26028, stack(0x000000ef71700000,0x000000ef71800000) (1024K)]
  0x000002665d8d9260 WorkerThread "G1 Conc#0"                       [id=19980, stack(0x000000ef71800000,0x000000ef71900000) (1024K)]

[error occurred during error reporting (printing all threads), id 0xc0000005, EXCEPTION_ACCESS_VIOLATION (0xc0000005) at pc=0x00007ff81a3c138a]
VM state: not at safepoint (not fully initialized)

VM Mutex/Monitor currently owned by a thread:  ([mutex/lock_event])
[0x00007ff81ad145f0] Heap_lock - owner thread: 0x000002665bcf6160

Heap address: 0x0000000704000000, size: 4032 MB, Compressed Oops mode: Zero based, Oop shift amount: 3

CDS archive(s) mapped at: [0x0000000000000000-0x0000000000000000-0x0000000000000000), size 0, SharedBaseAddress: 0x0000000800000000, ArchiveRelocationMode: 1.
UseCompressedClassPointers 1, UseCompactObjectHeaders 0
Narrow klass pointer bits 32, Max shift 3
Narrow klass base: 0xffffffffffffffff, Narrow klass shift: -1
Encoding Range: [0xffffffffffffffff - 0x000000007fffffff), (2147483648 bytes)
Klass Range:    [0x0000000000000000 - 0x0000000000000000), (0 bytes)
Klass ID Range:  [4294967295 - 0) (1)

GC Precious Log:
 CardTable entry size: 512
 Card Set container configuration: InlinePtr #cards 4 size 8 Array Of Cards #cards 16 size 48 Howl #buckets 8 coarsen threshold 3686 Howl Bitmap #cards 512 size 80 coarsen threshold 460 Card regions per heap region 1 cards per card region 4096

Heap:
 garbage-first heap   total reserved 4128768K, committed 0K, used 0K [0x0000000704000000, 0x0000000800000000)
  region size 2048K, 0 young (0K), 0 survivors (0K)

[error occurred during error reporting (printing heap information), id 0xc0000005, EXCEPTION_ACCESS_VIOLATION (0xc0000005) at pc=0x00007ff81a7de679]
GC Heap History (0 events):
No events

Dll operation events (1 events):
Event: 0.006 Loaded shared library C:\Program Files\Java\jdk-24\bin\java.dll

Deoptimization events (0 events):
No events

Classes loaded (0 events):
No events

Classes unloaded (0 events):
No events

Classes redefined (0 events):
No events

Internal exceptions (0 events):
No events

VM Operations (0 events):
No events

Memory protections (0 events):
No events

Nmethod flushes (0 events):
No events

Events (0 events):
No events


Dynamic libraries:
0x00007ff7647e0000 - 0x00007ff7647f0000 	C:\Program Files\Java\jdk-24\bin\java.exe
0x00007ff88ba60000 - 0x00007ff88bcc8000 	C:\WINDOWS\SYSTEM32\ntdll.dll
0x00007ff88a300000 - 0x00007ff88a3c9000 	C:\WINDOWS\System32\KERNEL32.DLL
0x00007ff888ff0000 - 0x00007ff8893e2000 	C:\WINDOWS\System32\KERNELBASE.dll
0x00007ff888c20000 - 0x00007ff888d6b000 	C:\WINDOWS\System32\ucrtbase.dll
0x00007ff882580000 - 0x00007ff882596000 	C:\Program Files\Java\jdk-24\bin\jli.dll
0x00007ff8825a0000 - 0x00007ff8825bb000 	C:\Program Files\Java\jdk-24\bin\VCRUNTIME140.dll
0x00007ff889b10000 - 0x00007ff889cd5000 	C:\WINDOWS\System32\USER32.dll
0x00007ff888bf0000 - 0x00007ff888c17000 	C:\WINDOWS\System32\win32u.dll
0x00007ff86abe0000 - 0x00007ff86ae73000 	C:\WINDOWS\WinSxS\amd64_microsoft.windows.common-controls_6595b64144ccf1df_6.0.26100.6899_none_3e0efeeae32e88c1\COMCTL32.dll
0x00007ff88add0000 - 0x00007ff88adfb000 	C:\WINDOWS\System32\GDI32.dll
0x00007ff88ae20000 - 0x00007ff88aec9000 	C:\WINDOWS\System32\msvcrt.dll
0x00007ff888e00000 - 0x00007ff888f2d000 	C:\WINDOWS\System32\gdi32full.dll
0x00007ff8893f0000 - 0x00007ff889493000 	C:\WINDOWS\System32\msvcp_win.dll
0x00007ff88ab90000 - 0x00007ff88abbf000 	C:\WINDOWS\System32\IMM32.DLL
0x00007ff882880000 - 0x00007ff88288c000 	C:\Program Files\Java\jdk-24\bin\vcruntime140_1.dll
0x00007ff8824f0000 - 0x00007ff88257e000 	C:\Program Files\Java\jdk-24\bin\msvcp140.dll
0x00007ff81a050000 - 0x00007ff81adf1000 	C:\Program Files\Java\jdk-24\bin\server\jvm.dll
0x00007ff88a240000 - 0x00007ff88a2f4000 	C:\WINDOWS\System32\ADVAPI32.dll
0x00007ff88aed0000 - 0x00007ff88af76000 	C:\WINDOWS\System32\sechost.dll
0x00007ff88ac10000 - 0x00007ff88ad28000 	C:\WINDOWS\System32\RPCRT4.dll
0x00007ff889a90000 - 0x00007ff889b04000 	C:\WINDOWS\System32\WS2_32.dll
0x00007ff888a50000 - 0x00007ff888aae000 	C:\WINDOWS\SYSTEM32\POWRPROF.dll
0x00007ff874fa0000 - 0x00007ff874fab000 	C:\WINDOWS\SYSTEM32\VERSION.dll
0x00007ff880ec0000 - 0x00007ff880ef5000 	C:\WINDOWS\SYSTEM32\WINMM.dll
0x00007ff888a30000 - 0x00007ff888a44000 	C:\WINDOWS\SYSTEM32\UMPDC.dll
0x00007ff887980000 - 0x00007ff88799b000 	C:\WINDOWS\SYSTEM32\kernel.appcore.dll
0x00007ff8824e0000 - 0x00007ff8824ea000 	C:\Program Files\Java\jdk-24\bin\jimage.dll
0x00007ff84b490000 - 0x00007ff84b6d2000 	C:\WINDOWS\SYSTEM32\DBGHELP.DLL
0x00007ff889de0000 - 0x00007ff88a15b000 	C:\WINDOWS\System32\combase.dll
0x00007ff88a160000 - 0x00007ff88a237000 	C:\WINDOWS\System32\OLEAUT32.dll
0x00007ff866ee0000 - 0x00007ff866f1c000 	C:\WINDOWS\SYSTEM32\dbgcore.DLL
0x00007ff889790000 - 0x00007ff889828000 	C:\WINDOWS\System32\bcryptPrimitives.dll
0x00007ff8824d0000 - 0x00007ff8824df000 	C:\Program Files\Java\jdk-24\bin\instrument.dll
0x00007ff882300000 - 0x00007ff88231e000 	C:\Program Files\Java\jdk-24\bin\java.dll
0x00007ff88b880000 - 0x00007ff88ba18000 	C:\WINDOWS\System32\ole32.dll
0x00007ff88a440000 - 0x00007ff88ab8d000 	C:\WINDOWS\System32\SHELL32.dll
0x00007ff889620000 - 0x00007ff88978b000 	C:\WINDOWS\System32\wintypes.dll

JVMTI agents:
C:\Program Files\JetBrains\IntelliJ IDEA 2025.2.2\lib\idea_rt.jar path:none, loaded, not initialized, instrumentlib options:61889

dbghelp: loaded successfully - version: 4.0.5 - missing functions: none
symbol engine: initialized successfully - sym options: 0x614 - pdb path: .;C:\Program Files\Java\jdk-24\bin;C:\WINDOWS\SYSTEM32;C:\WINDOWS\WinSxS\amd64_microsoft.windows.common-controls_6595b64144ccf1df_6.0.26100.6899_none_3e0efeeae32e88c1;C:\Program Files\Java\jdk-24\bin\server

VM Arguments:
jvm_args: -javaagent:C:\Program Files\JetBrains\IntelliJ IDEA 2025.2.2\lib\idea_rt.jar=61889 -Dfile.encoding=UTF-8 -Dsun.stdout.encoding=UTF-8 -Dsun.stderr.encoding=UTF-8 
java_command: introduction.generics.CustomArrayList
java_class_path (initial): E:\personal\dsa_practice\OOPS\out\production\oops
Launcher Type: SUN_STANDARD

[Global flags]
     intx CICompilerCount                          = 12                                        {product} {ergonomic}
     uint ConcGCThreads                            = 3                                         {product} {ergonomic}
     uint G1ConcRefinementThreads                  = 13                                        {product} {ergonomic}
   size_t G1HeapRegionSize                         = 2097152                                   {product} {ergonomic}
   size_t InitialHeapSize                          = 264241152                                 {product} {ergonomic}
   size_t MarkStackSize                            = 4194304                                   {product} {ergonomic}
   size_t MarkStackSizeMax                         = 536870912                                 {product} {ergonomic}
   size_t MaxHeapSize                              = 4227858432                                {product} {ergonomic}
   size_t MinHeapDeltaBytes                        = 2097152                                   {product} {ergonomic}
   size_t MinHeapSize                              = 8388608                                   {product} {ergonomic}
    uintx NonNMethodCodeHeapSize                   = 7602176                                {pd product} {ergonomic}
    uintx NonProfiledCodeHeapSize                  = 122093568                              {pd product} {ergonomic}
    uintx ProfiledCodeHeapSize                     = 121962496                              {pd product} {ergonomic}
    uintx ReservedCodeCacheSize                    = 251658240                              {pd product} {ergonomic}
     bool SegmentedCodeCache                       = true                                      {product} {ergonomic}
   size_t SoftMaxHeapSize                          = 4227858432                             {manageable} {ergonomic}
     bool UseCompressedOops                        = true                           {product lp64_product} {ergonomic}
     bool UseG1GC                                  = true                                      {product} {ergonomic}
     bool UseLargePagesIndividualAllocation        = false                                  {pd product} {ergonomic}

Logging:
Log output configuration:
 #0: stdout all=warning uptime,level,tags foldmultilines=false
 #1: stderr all=off uptime,level,tags foldmultilines=false

Environment Variables:
PATH=C:\Program Files\Common Files\Oracle\Java\javapath;C:\Python313\Scripts\;C:\Python313\;C:\WINDOWS\system32;C:\WINDOWS;C:\WINDOWS\System32\Wbem;C:\WINDOWS\System32\WindowsPowerShell\v1.0\;C:\WINDOWS\System32\OpenSSH\;C:\Program Files\nodejs\;C:\ProgramData\chocolatey\bin;C:\Program Files\Git\cmd;C:\Program Files\Java\jdk-24;C:\Program Files\Java\jdk-24\bin;;C:\Program Files\Docker\Docker\resources\bin;C:\Program Files\dotnet\;C:\Users\anujb\AppData\Local\Microsoft\WindowsApps;C:\Users\anujb\AppData\Local\Programs\Microsoft VS Code\bin;C:\Users\anujb\AppData\Roaming\npm;C:\Users\anujb\AppData\Local\GitHubDesktop\bin;C:\Program Files\JetBrains\IntelliJ IDEA 2025.2.2\bin;C:\Users\anujb\AppData\Local\Programs\cursor\resources\app\bin
USERNAME=anujb
OS=Windows_NT
PROCESSOR_IDENTIFIER=Intel64 Family 6 Model 151 Stepping 2, GenuineIntel
TMP=C:\Users\anujb\AppData\Local\Temp
TEMP=C:\Users\anujb\AppData\Local\Temp




Periodic native trim disabled

---------------  S Y S T E M  ---------------

OS:
 Windows 11 , 64 bit Build 26100 (10.0.26100.6725)
OS uptime: 11 days 0:42 hours
Hyper-V role detected

CPU: total 16 (initial active 16) (8 cores per cpu, 2 threads per core) family 6 model 151 stepping 2 microcode 0x23, cx8, cmov, fxsr, ht, mmx, 3dnowpref, sse, sse2, sse3, ssse3, sse4.1, sse4.2, popcnt, lzcnt, tsc, tscinvbit, avx, avx2, aes, erms, clmul, bmi1, bmi2, adx, sha, fma, vzeroupper, clflush, clflushopt, clwb, hv, serialize, rdtscp, rdpid, fsrm, gfni, f16c, cet_ibt, cet_ss
Processor Information for processor 0
  Max Mhz: 3700, Current Mhz: 3700, Mhz Limit: 3700
Processor Information for processor 1
  Max Mhz: 3700, Current Mhz: 3700, Mhz Limit: 3700
Processor Information for processor 2
  Max Mhz: 3700, Current Mhz: 3700, Mhz Limit: 3700
Processor Information for processor 3
  Max Mhz: 3700, Current Mhz: 3700, Mhz Limit: 3700
Processor Information for processor 4
  Max Mhz: 3700, Current Mhz: 3700, Mhz Limit: 3700
Processor Information for processor 5
  Max Mhz: 3700, Current Mhz: 3700, Mhz Limit: 3700
Processor Information for processor 6
  Max Mhz: 3700, Current Mhz: 3700, Mhz Limit: 3700
Processor Information for processor 7
  Max Mhz: 3700, Current Mhz: 3700, Mhz Limit: 3700
Processor Information for processor 8
  Max Mhz: 3700, Current Mhz: 3700, Mhz Limit: 3700
Processor Information for processor 9
  Max Mhz: 3700, Current Mhz: 3700, Mhz Limit: 3700
Processor Information for processor 10
  Max Mhz: 3700, Current Mhz: 3700, Mhz Limit: 3700
Processor Information for processor 11
  Max Mhz: 3700, Current Mhz: 3700, Mhz Limit: 3700
Processor Information for processor 12
  Max Mhz: 3700, Current Mhz: 2800, Mhz Limit: 2775
Processor Information for processor 13
  Max Mhz: 3700, Current Mhz: 2800, Mhz Limit: 2775
Processor Information for processor 14
  Max Mhz: 3700, Current Mhz: 2800, Mhz Limit: 2775
Processor Information for processor 15
  Max Mhz: 3700, Current Mhz: 2800, Mhz Limit: 2775

Memory: 4k page, system-wide physical 16125M (2353M free)
TotalPageFile size 32069M (AvailPageFile size 175M)
current process WorkingSet (physical memory assigned to process): 14M, peak: 14M
current process commit charge ("private bytes"): 71M, peak: 323M

vm_info: Java HotSpot(TM) 64-Bit Server VM (24.0.2+12-54) for windows-amd64 JRE (24.0.2+12-54), built on 2025-07-08T12:10:27Z with MS VC++ 17.6 (VS2022)

END.
